2025-08-26 21:41:40,593 - root - INFO - Demarrage du systeme de reconnaissance faciale
2025-08-26 21:41:40,593 - root - INFO - Device utilise: cpu
2025-08-26 21:41:43,449 - root - INFO - Chargement du modele depuis facenet_africain_finetuned.pth...
2025-08-26 21:41:44,703 - root - INFO - Modele charge avec succes
2025-08-26 21:41:44,723 - root - INFO - 8 embeddings chargees
2025-08-26 21:41:44,797 - root - INFO - Detecteur Haar Cascade initialise
2025-08-26 21:41:47,381 - root - INFO - Webcam activee. Recherche de visages...
2025-08-26 21:41:56,579 - root - INFO - Visage detecte. Attente de stabilisation...
2025-08-26 21:42:25,420 - root - INFO - Visage detecte. Attente de stabilisation...
2025-08-26 21:42:26,131 - root - INFO - Visage detecte. Attente de stabilisation...
2025-08-26 21:42:26,413 - root - INFO - Visage detecte. Attente de stabilisation...
2025-08-26 21:42:26,712 - root - INFO - Visage detecte. Attente de stabilisation...
2025-08-26 21:42:40,817 - root - INFO - Visage detecte. Attente de stabilisation...
2025-08-26 21:42:48,717 - root - INFO - Visage detecte. Attente de stabilisation...
2025-08-26 21:42:52,961 - root - INFO - Limite quotidienne atteinte pour pierre
2025-08-26 21:42:53,353 - root - INFO - Limite quotidienne atteinte pour pierre
2025-08-26 21:42:53,606 - root - INFO - Limite quotidienne atteinte pour pierre
2025-08-26 21:42:53,744 - root - INFO - Limite quotidienne atteinte pour pierre
2025-08-26 21:42:53,877 - root - INFO - Limite quotidienne atteinte pour pierre
2025-08-26 21:42:54,124 - root - INFO - Limite quotidienne atteinte pour pierre
2025-08-26 21:42:54,253 - root - INFO - Limite quotidienne atteinte pour pierre
2025-08-26 21:42:54,382 - root - INFO - Limite quotidienne atteinte pour pierre
2025-08-26 21:42:55,371 - root - INFO - Limite quotidienne atteinte pour pierre
2025-08-26 21:42:55,505 - root - INFO - Limite quotidienne atteinte pour pierre
2025-08-26 21:42:55,639 - root - INFO - Limite quotidienne atteinte pour pierre
2025-08-26 21:42:59,954 - root - INFO - Limite quotidienne atteinte pour pierre
2025-08-26 21:44:16,276 - root - INFO - Visage detecte. Attente de stabilisation...
2025-08-26 21:44:26,402 - root - INFO - Visage detecte. Attente de stabilisation...
2025-08-26 21:44:27,006 - root - INFO - Visage detecte. Attente de stabilisation...
2025-08-26 21:44:29,000 - root - INFO - Visage detecte. Attente de stabilisation...
2025-08-26 21:44:29,195 - root - INFO - Visage detecte. Attente de stabilisation...
2025-08-26 21:44:30,300 - root - INFO - Visage detecte. Attente de stabilisation...
2025-08-26 21:44:30,692 - root - INFO - Visage detecte. Attente de stabilisation...
2025-08-26 21:44:31,499 - root - INFO - Visage detecte. Attente de stabilisation...
2025-08-26 21:44:34,602 - root - INFO - Visage detecte. Attente de stabilisation...
2025-08-26 21:44:34,905 - root - INFO - Visage detecte. Attente de stabilisation...
2025-08-26 21:44:36,908 - root - INFO - Visage detecte. Attente de stabilisation...
2025-08-26 21:44:37,611 - root - INFO - Visage detecte. Attente de stabilisation...
2025-08-26 21:44:38,197 - root - INFO - Visage detecte. Attente de stabilisation...
2025-08-26 21:44:38,512 - root - INFO - Visage detecte. Attente de stabilisation...
2025-08-26 21:44:41,521 - root - INFO - Visage detecte. Attente de stabilisation...
2025-08-26 21:44:48,974 - root - INFO - Limite quotidienne atteinte pour pierre
2025-08-26 21:44:51,286 - root - INFO - Limite quotidienne atteinte pour pierre
2025-08-26 21:44:52,218 - root - INFO - Limite quotidienne atteinte pour pierre
2025-08-26 21:44:53,129 - root - INFO - Limite quotidienne atteinte pour pierre
2025-08-26 21:44:54,306 - root - INFO - Limite quotidienne atteinte pour pierre
2025-08-26 21:44:54,632 - root - INFO - Limite quotidienne atteinte pour pierre
2025-08-26 21:44:55,126 - root - INFO - Limite quotidienne atteinte pour pierre
2025-08-26 21:46:00,516 - root - INFO - Limite quotidienne atteinte pour pierre
2025-08-26 21:46:01,767 - root - INFO - Limite quotidienne atteinte pour pierre
2025-08-26 21:46:15,299 - root - INFO - Visage detecte. Attente de stabilisation...
2025-08-26 21:46:23,686 - root - INFO - Visage detecte. Attente de stabilisation...
2025-08-26 21:46:25,977 - root - INFO - Visage detecte. Attente de stabilisation...
2025-08-26 21:46:26,792 - root - INFO - Visage detecte. Attente de stabilisation...
2025-08-26 21:46:27,688 - root - INFO - Visage detecte. Attente de stabilisation...
2025-08-26 21:46:29,498 - root - INFO - Visage detecte. Attente de stabilisation...
2025-08-26 21:46:29,909 - root - INFO - Visage detecte. Attente de stabilisation...
2025-08-26 21:46:31,718 - root - INFO - Visage detecte. Attente de stabilisation...
2025-08-26 21:46:32,213 - root - INFO - Visage detecte. Attente de stabilisation...
2025-08-26 21:46:33,336 - root - INFO - Visage detecte. Attente de stabilisation...
2025-08-26 21:46:33,980 - root - INFO - Visage detecte. Attente de stabilisation...
2025-08-26 21:46:34,660 - root - INFO - Visage detecte. Attente de stabilisation...
2025-08-26 21:46:37,004 - root - INFO - Visage detecte. Attente de stabilisation...
2025-08-26 21:46:38,481 - root - INFO - Visage detecte. Attente de stabilisation...
2025-08-26 21:46:39,514 - root - INFO - Visage detecte. Attente de stabilisation...
2025-08-26 21:46:39,711 - root - INFO - Visage detecte. Attente de stabilisation...
2025-08-26 21:46:40,392 - root - INFO - Visage detecte. Attente de stabilisation...
2025-08-26 21:46:40,913 - root - INFO - Visage detecte. Attente de stabilisation...
2025-08-26 21:46:41,604 - root - INFO - Visage detecte. Attente de stabilisation...
2025-08-26 21:46:43,342 - root - INFO - Visage detecte. Attente de stabilisation...
2025-08-26 21:46:43,652 - root - INFO - Visage detecte. Attente de stabilisation...
2025-08-26 21:46:44,125 - root - INFO - Visage detecte. Attente de stabilisation...
2025-08-26 21:46:44,941 - root - INFO - Visage detecte. Attente de stabilisation...
2025-08-26 21:46:49,620 - root - INFO - Visage detecte. Attente de stabilisation...
2025-08-26 21:46:49,796 - root - INFO - Visage detecte. Attente de stabilisation...
2025-08-26 21:46:50,223 - root - INFO - Visage detecte. Attente de stabilisation...
2025-08-26 21:46:50,916 - root - INFO - Visage detecte. Attente de stabilisation...
2025-08-26 21:46:53,410 - root - INFO - Visage detecte. Attente de stabilisation...
2025-08-26 21:47:15,005 - root - INFO - Visage detecte. Attente de stabilisation...
2025-08-26 21:47:15,438 - root - INFO - Visage detecte. Attente de stabilisation...
2025-08-26 21:47:17,978 - root - INFO - Visage detecte. Attente de stabilisation...
2025-08-26 21:47:19,090 - root - INFO - Visage detecte. Attente de stabilisation...
2025-08-26 21:47:19,525 - root - INFO - Visage detecte. Attente de stabilisation...
2025-08-26 21:47:26,373 - root - INFO - Visage detecte. Attente de stabilisation...
2025-08-26 21:47:27,630 - root - INFO - Visage detecte. Attente de stabilisation...
2025-08-26 21:47:28,149 - root - INFO - Visage detecte. Attente de stabilisation...
2025-08-26 21:47:31,634 - root - INFO - Visage detecte. Attente de stabilisation...
2025-08-26 21:47:31,944 - root - INFO - Visage detecte. Attente de stabilisation...
2025-08-26 21:53:24,773 - root - INFO - Demarrage du systeme de reconnaissance faciale
2025-08-26 21:53:24,775 - root - INFO - Device utilise: cpu
2025-08-26 21:53:26,354 - root - INFO - Chargement du modele depuis facenet_africain_finetuned.pth...
2025-08-26 21:53:27,120 - root - INFO - Modele charge avec succes
2025-08-26 21:53:27,122 - root - INFO - 1 embeddings chargees
2025-08-26 21:53:27,194 - root - INFO - Detecteur Haar Cascade initialise
2025-08-26 21:53:29,662 - root - INFO - Webcam activee. Recherche de visages...
2025-08-26 21:53:30,500 - root - INFO - Visage detecte. Attente de stabilisation...
2025-08-26 21:53:46,353 - root - INFO - Limite quotidienne atteinte pour pierre
2025-08-26 21:53:57,884 - root - INFO - Visage detecte. Attente de stabilisation...
2025-08-26 21:53:59,185 - root - INFO - Visage detecte. Attente de stabilisation...
2025-08-26 21:53:59,379 - root - INFO - Visage detecte. Attente de stabilisation...
2025-08-26 21:54:00,689 - root - INFO - Visage detecte. Attente de stabilisation...
2025-08-26 21:54:03,289 - root - INFO - Visage detecte. Attente de stabilisation...
2025-08-26 21:54:03,486 - root - INFO - Visage detecte. Attente de stabilisation...
2025-08-26 21:54:05,088 - root - INFO - Visage detecte. Attente de stabilisation...
2025-08-26 21:54:07,115 - root - INFO - Visage detecte. Attente de stabilisation...
2025-08-26 21:54:14,047 - root - INFO - Visage detecte. Attente de stabilisation...
2025-08-26 21:54:15,345 - root - INFO - Visage detecte. Attente de stabilisation...
2025-08-26 21:54:17,294 - root - INFO - Visage detecte. Attente de stabilisation...
2025-08-26 21:54:23,998 - root - INFO - Limite quotidienne atteinte pour pierre
2025-08-26 21:54:45,339 - root - INFO - Limite quotidienne atteinte pour pierre
2025-08-26 21:54:48,822 - root - INFO - Visage detecte. Attente de stabilisation...
2025-08-26 21:55:00,232 - root - INFO - Visage detecte. Attente de stabilisation...
2025-08-26 21:55:01,547 - root - INFO - Visage detecte. Attente de stabilisation...
2025-08-26 21:55:05,125 - root - INFO - Limite quotidienne atteinte pour pierre
2025-08-26 21:55:41,965 - root - INFO - Visage detecte. Attente de stabilisation...
2025-08-26 21:55:43,550 - root - INFO - Visage detecte. Attente de stabilisation...
2025-08-26 21:55:43,761 - root - INFO - Visage detecte. Attente de stabilisation...
2025-08-26 21:55:44,158 - root - INFO - Visage detecte. Attente de stabilisation...
2025-08-26 21:55:54,368 - root - INFO - Visage detecte. Attente de stabilisation...
2025-08-26 21:55:54,688 - root - INFO - Visage detecte. Attente de stabilisation...
2025-08-26 21:55:54,861 - root - INFO - Visage detecte. Attente de stabilisation...
2025-08-26 21:55:55,474 - root - INFO - Visage detecte. Attente de stabilisation...
2025-08-26 21:56:02,578 - root - INFO - Visage detecte. Attente de stabilisation...
2025-08-26 21:56:05,060 - root - INFO - Visage detecte. Attente de stabilisation...
2025-08-26 21:56:15,088 - root - INFO - Visage detecte. Attente de stabilisation...
2025-08-26 21:56:17,180 - root - INFO - Visage detecte. Attente de stabilisation...
2025-08-26 21:56:21,704 - root - INFO - Limite quotidienne atteinte pour pierre
2025-08-26 21:56:31,684 - root - INFO - Visage detecte. Attente de stabilisation...
2025-08-26 21:56:32,083 - root - INFO - Visage detecte. Attente de stabilisation...
2025-08-26 21:56:43,794 - root - INFO - Visage detecte. Attente de stabilisation...
2025-08-26 21:56:45,089 - root - INFO - Visage detecte. Attente de stabilisation...
2025-08-26 21:56:48,198 - root - INFO - Visage detecte. Attente de stabilisation...
2025-08-26 21:56:49,002 - root - INFO - Visage detecte. Attente de stabilisation...
2025-08-26 21:56:49,406 - root - INFO - Visage detecte. Attente de stabilisation...
2025-08-26 21:56:50,700 - root - INFO - Visage detecte. Attente de stabilisation...
2025-08-26 21:56:51,098 - root - INFO - Visage detecte. Attente de stabilisation...
2025-08-26 21:56:56,702 - root - INFO - Visage detecte. Attente de stabilisation...
2025-08-26 21:56:57,610 - root - INFO - Visage detecte. Attente de stabilisation...
2025-08-26 21:57:23,426 - root - INFO - Visage detecte. Attente de stabilisation...
2025-08-26 21:57:32,721 - root - INFO - Visage detecte. Attente de stabilisation...
2025-08-26 21:57:34,630 - root - INFO - Visage detecte. Attente de stabilisation...
2025-08-26 21:57:37,246 - root - INFO - Visage detecte. Attente de stabilisation...
2025-08-26 21:57:40,854 - root - INFO - Visage detecte. Attente de stabilisation...
2025-08-26 21:57:41,522 - root - INFO - Visage detecte. Attente de stabilisation...
2025-08-26 21:57:42,128 - root - INFO - Visage detecte. Attente de stabilisation...
2025-08-26 21:57:46,438 - root - INFO - Visage detecte. Attente de stabilisation...
2025-08-26 21:57:47,038 - root - INFO - Visage detecte. Attente de stabilisation...
2025-08-26 21:57:47,243 - root - INFO - Visage detecte. Attente de stabilisation...
2025-08-26 21:57:47,545 - root - INFO - Visage detecte. Attente de stabilisation...
2025-08-26 21:57:53,445 - root - INFO - Visage detecte. Attente de stabilisation...
2025-08-26 21:57:54,971 - root - INFO - Visage detecte. Attente de stabilisation...
2025-08-26 21:58:06,780 - root - INFO - Visage detecte. Attente de stabilisation...
2025-08-26 21:58:16,790 - root - INFO - Visage detecte. Attente de stabilisation...
2025-08-26 21:58:17,076 - root - INFO - Visage detecte. Attente de stabilisation...
2025-08-26 21:58:18,979 - root - INFO - Visage detecte. Attente de stabilisation...
2025-08-26 21:58:19,652 - root - INFO - Visage detecte. Attente de stabilisation...
2025-08-26 21:58:19,862 - root - INFO - Visage detecte. Attente de stabilisation...
2025-08-26 21:58:21,566 - root - INFO - Visage detecte. Attente de stabilisation...
2025-08-26 21:58:22,473 - root - INFO - Visage detecte. Attente de stabilisation...
2025-08-26 21:58:22,755 - root - INFO - Visage detecte. Attente de stabilisation...
2025-08-26 21:58:23,270 - root - INFO - Visage detecte. Attente de stabilisation...
2025-08-26 21:58:24,077 - root - INFO - Visage detecte. Attente de stabilisation...
2025-08-26 21:58:24,359 - root - INFO - Visage detecte. Attente de stabilisation...
2025-08-26 21:58:30,672 - root - INFO - Visage detecte. Attente de stabilisation...
2025-08-26 21:58:33,785 - root - INFO - Limite quotidienne atteinte pour pierre
2025-08-26 21:59:19,520 - root - INFO - Visage detecte. Attente de stabilisation...
2025-08-26 21:59:25,247 - root - INFO - Limite quotidienne atteinte pour pierre
2025-08-26 21:59:25,542 - root - INFO - Limite quotidienne atteinte pour pierre
2025-08-26 21:59:25,996 - root - INFO - Limite quotidienne atteinte pour pierre
2025-08-26 21:59:27,331 - root - INFO - Limite quotidienne atteinte pour pierre
2025-08-26 21:59:27,622 - root - INFO - Limite quotidienne atteinte pour pierre
2025-08-26 21:59:28,199 - root - INFO - Limite quotidienne atteinte pour pierre
2025-08-26 21:59:29,219 - root - INFO - Limite quotidienne atteinte pour pierre
2025-08-26 21:59:29,371 - root - INFO - Limite quotidienne atteinte pour pierre
2025-08-26 21:59:29,512 - root - INFO - Limite quotidienne atteinte pour pierre
2025-08-26 21:59:30,863 - root - INFO - Limite quotidienne atteinte pour pierre
2025-08-26 21:59:33,406 - root - INFO - Limite quotidienne atteinte pour pierre
2025-08-26 21:59:40,940 - root - INFO - Limite quotidienne atteinte pour pierre
2025-08-26 21:59:53,400 - root - INFO - Limite quotidienne atteinte pour pierre
2025-08-26 21:59:56,439 - root - INFO - Visage detecte. Attente de stabilisation...
2025-08-26 21:59:56,940 - root - INFO - Visage detecte. Attente de stabilisation...
2025-08-26 22:00:04,149 - root - INFO - Visage detecte. Attente de stabilisation...
2025-08-26 22:00:04,367 - root - INFO - Visage detecte. Attente de stabilisation...
2025-08-26 22:00:04,846 - root - INFO - Visage detecte. Attente de stabilisation...
2025-08-26 22:00:05,239 - root - INFO - Visage detecte. Attente de stabilisation...
2025-08-26 22:00:05,857 - root - INFO - Visage detecte. Attente de stabilisation...
2025-08-26 22:00:08,749 - root - INFO - Visage detecte. Attente de stabilisation...
2025-08-26 22:00:11,244 - root - INFO - Visage detecte. Attente de stabilisation...
2025-08-26 22:00:16,054 - root - INFO - Visage detecte. Attente de stabilisation...
2025-08-26 22:00:16,472 - root - INFO - Visage detecte. Attente de stabilisation...
2025-08-26 22:00:17,755 - root - INFO - Visage detecte. Attente de stabilisation...
2025-08-26 22:00:18,344 - root - INFO - Visage detecte. Attente de stabilisation...
2025-08-26 22:00:21,145 - root - INFO - Visage detecte. Attente de stabilisation...
2025-08-26 22:00:21,355 - root - INFO - Visage detecte. Attente de stabilisation...
2025-08-26 22:00:21,855 - root - INFO - Visage detecte. Attente de stabilisation...
2025-08-26 22:00:26,559 - root - INFO - Visage detecte. Attente de stabilisation...
2025-08-26 22:00:26,955 - root - INFO - Visage detecte. Attente de stabilisation...
2025-08-26 22:00:27,257 - root - INFO - Visage detecte. Attente de stabilisation...
2025-08-26 22:00:28,955 - root - INFO - Visage detecte. Attente de stabilisation...
2025-08-26 22:00:46,874 - root - INFO - Visage detecte. Attente de stabilisation...
2025-08-26 22:00:48,779 - root - INFO - Visage detecte. Attente de stabilisation...
2025-08-26 22:01:05,166 - root - INFO - Visage detecte. Attente de stabilisation...
2025-08-26 22:01:10,590 - root - INFO - Visage detecte. Attente de stabilisation...
2025-08-26 22:01:12,182 - root - INFO - Visage detecte. Attente de stabilisation...
2025-08-26 22:01:13,693 - root - INFO - Visage detecte. Attente de stabilisation...
2025-08-26 22:01:13,901 - root - INFO - Visage detecte. Attente de stabilisation...
2025-08-26 22:01:14,583 - root - INFO - Visage detecte. Attente de stabilisation...
2025-08-26 22:01:14,904 - root - INFO - Visage detecte. Attente de stabilisation...
2025-08-26 22:01:16,992 - root - INFO - Visage detecte. Attente de stabilisation...
2025-08-26 22:01:17,299 - root - INFO - Visage detecte. Attente de stabilisation...
2025-08-26 22:01:18,305 - root - INFO - Visage detecte. Attente de stabilisation...
2025-08-26 22:01:18,503 - root - INFO - Visage detecte. Attente de stabilisation...
2025-08-26 22:01:20,208 - root - INFO - Visage detecte. Attente de stabilisation...
2025-08-26 22:01:20,400 - root - INFO - Visage detecte. Attente de stabilisation...
2025-08-26 22:01:20,792 - root - INFO - Visage detecte. Attente de stabilisation...
2025-08-26 22:01:22,304 - root - INFO - Visage detecte. Attente de stabilisation...
2025-08-26 22:01:22,595 - root - INFO - Visage detecte. Attente de stabilisation...
2025-08-26 22:01:23,315 - root - INFO - Visage detecte. Attente de stabilisation...
2025-08-26 22:01:24,301 - root - INFO - Visage detecte. Attente de stabilisation...
2025-08-26 22:01:24,688 - root - INFO - Visage detecte. Attente de stabilisation...
2025-08-26 22:01:45,813 - root - INFO - Visage detecte. Attente de stabilisation...
2025-08-26 22:02:05,211 - root - INFO - Visage detecte. Attente de stabilisation...
2025-08-26 22:02:06,531 - root - INFO - Visage detecte. Attente de stabilisation...
2025-08-26 22:02:16,160 - root - INFO - Visage detecte. Attente de stabilisation...
2025-08-26 22:02:47,259 - root - INFO - Visage detecte. Attente de stabilisation...
2025-08-26 22:02:49,378 - root - INFO - Visage detecte. Attente de stabilisation...
2025-08-26 22:02:55,031 - root - INFO - Visage detecte. Attente de stabilisation...
2025-08-26 22:02:57,133 - root - INFO - Visage detecte. Attente de stabilisation...
2025-08-26 22:02:57,549 - root - INFO - Visage detecte. Attente de stabilisation...
2025-08-26 22:02:57,845 - root - INFO - Visage detecte. Attente de stabilisation...
2025-08-26 22:02:58,226 - root - INFO - Visage detecte. Attente de stabilisation...
2025-08-26 22:02:59,474 - root - INFO - Visage detecte. Attente de stabilisation...
2025-08-26 22:03:03,192 - root - INFO - Visage detecte. Attente de stabilisation...
2025-08-26 22:03:03,372 - root - INFO - Visage detecte. Attente de stabilisation...
2025-08-26 22:03:03,796 - root - INFO - Visage detecte. Attente de stabilisation...
2025-08-26 22:03:05,358 - root - INFO - Visage detecte. Attente de stabilisation...
2025-08-26 22:03:06,442 - root - INFO - Visage detecte. Attente de stabilisation...
2025-08-26 22:03:07,221 - root - INFO - Visage detecte. Attente de stabilisation...
2025-08-26 22:03:07,759 - root - INFO - Visage detecte. Attente de stabilisation...
2025-08-26 22:03:08,059 - root - INFO - Visage detecte. Attente de stabilisation...
2025-08-26 22:03:09,624 - root - INFO - Visage detecte. Attente de stabilisation...
2025-08-26 22:03:09,799 - root - INFO - Visage detecte. Attente de stabilisation...
2025-08-26 22:03:13,309 - root - INFO - Visage detecte. Attente de stabilisation...
2025-08-26 22:03:13,422 - root - INFO - Visage detecte. Attente de stabilisation...
2025-08-26 22:03:13,714 - root - INFO - Visage detecte. Attente de stabilisation...
2025-08-26 22:03:14,202 - root - INFO - Visage detecte. Attente de stabilisation...
2025-08-26 22:03:14,327 - root - INFO - Visage detecte. Attente de stabilisation...
2025-08-26 22:03:14,500 - root - INFO - Visage detecte. Attente de stabilisation...
2025-08-26 22:03:14,729 - root - INFO - Visage detecte. Attente de stabilisation...
2025-08-26 22:03:14,897 - root - INFO - Visage detecte. Attente de stabilisation...
2025-08-26 22:03:15,078 - root - INFO - Visage detecte. Attente de stabilisation...
2025-08-26 22:03:15,271 - root - INFO - Visage detecte. Attente de stabilisation...
2025-08-26 22:03:15,571 - root - INFO - Visage detecte. Attente de stabilisation...
2025-08-26 22:03:15,809 - root - INFO - Visage detecte. Attente de stabilisation...
2025-08-26 22:03:16,347 - root - INFO - Visage detecte. Attente de stabilisation...
2025-08-26 22:03:16,473 - root - INFO - Visage detecte. Attente de stabilisation...
2025-08-26 22:03:16,768 - root - INFO - Visage detecte. Attente de stabilisation...
2025-08-26 22:03:17,070 - root - INFO - Visage detecte. Attente de stabilisation...
2025-08-26 22:03:17,425 - root - INFO - Visage detecte. Attente de stabilisation...
2025-08-26 22:03:17,729 - root - INFO - Visage detecte. Attente de stabilisation...
2025-08-26 22:03:19,835 - root - INFO - Visage detecte. Attente de stabilisation...
2025-08-26 22:03:20,151 - root - INFO - Visage detecte. Attente de stabilisation...
2025-08-26 22:03:20,320 - root - INFO - Visage detecte. Attente de stabilisation...
2025-08-26 22:03:20,498 - root - INFO - Visage detecte. Attente de stabilisation...
2025-08-26 22:03:20,790 - root - INFO - Visage detecte. Attente de stabilisation...
2025-08-26 22:03:21,099 - root - INFO - Visage detecte. Attente de stabilisation...
2025-08-26 22:03:21,336 - root - INFO - Visage detecte. Attente de stabilisation...
2025-08-26 22:03:23,521 - root - INFO - Visage detecte. Attente de stabilisation...
2025-08-26 22:03:23,648 - root - INFO - Visage detecte. Attente de stabilisation...
2025-08-26 22:03:23,869 - root - INFO - Visage detecte. Attente de stabilisation...
2025-08-26 22:03:27,538 - root - INFO - Visage detecte. Attente de stabilisation...
2025-08-26 22:03:27,898 - root - INFO - Visage detecte. Attente de stabilisation...
2025-08-26 22:03:28,788 - root - INFO - Visage detecte. Attente de stabilisation...
2025-08-26 22:03:29,269 - root - INFO - Visage detecte. Attente de stabilisation...
2025-08-26 22:03:29,407 - root - INFO - Visage detecte. Attente de stabilisation...
2025-08-26 22:03:29,827 - root - INFO - Visage detecte. Attente de stabilisation...
2025-08-26 22:03:33,723 - root - INFO - Visage detecte. Attente de stabilisation...
2025-08-26 22:03:34,542 - root - INFO - Visage detecte. Attente de stabilisation...
2025-08-26 22:13:35,131 - root - INFO - Demarrage du systeme de reconnaissance faciale
2025-08-26 22:13:35,131 - root - INFO - Device utilise: cpu
2025-08-26 22:13:36,613 - root - INFO - Chargement du modele depuis facenet_africain_finetuned.pth...
2025-08-26 22:13:37,329 - root - INFO - Modele charge avec succes
2025-08-26 22:13:37,382 - root - INFO - 3 embeddings chargees
2025-08-26 22:13:37,440 - root - INFO - Detecteur Haar Cascade initialise
2025-08-26 22:13:39,797 - root - INFO - Webcam activee. Recherche de visages...
2025-08-26 22:13:40,605 - root - INFO - Visage detecte. Attente de stabilisation...
2025-08-26 22:13:45,402 - root - INFO - Visage detecte. Attente de stabilisation...
2025-08-26 22:13:46,605 - root - INFO - Visage detecte. Attente de stabilisation...
2025-08-26 22:13:56,136 - root - INFO - Visage detecte. Attente de stabilisation...
2025-08-26 22:13:56,714 - root - INFO - Visage detecte. Attente de stabilisation...
2025-08-26 22:13:57,606 - root - INFO - Visage detecte. Attente de stabilisation...
